<?xml version="1.0" encoding="UTF-8"?>
<testsuite xmlns:xsi="http://www.w3.org/2001/XMLSchema-instance" xsi:noNamespaceSchemaLocation="https://maven.apache.org/surefire/maven-surefire-plugin/xsd/surefire-test-report-3.0.xsd" version="3.0" name="com.venomclasses.tresorseen.TresorSeenApplicationTests" time="34.336" tests="1" errors="0" skipped="0" failures="0">
  <properties>
[...]
</properties>
  <testcase name="contextLoads" classname="com.venomclasses.tresorseen.TresorSeenApplicationTests" time="5.766">
    <system-out><![CDATA[07:29:21.528 [main] INFO org.springframework.test.context.support.AnnotationConfigContextLoaderUtils -- Could not detect default configuration classes for test class [com.venomclasses.tresorseen.TresorSeenApplicationTests]: TresorSeenApplicationTests does not declare any static, non-private, non-final, nested classes annotated with @Configuration.
07:29:22.638 [main] INFO org.springframework.boot.test.context.SpringBootTestContextBootstrapper -- Found @SpringBootConfiguration com.venomclasses.tresorseen.TresorSeenApplication for test class com.venomclasses.tresorseen.TresorSeenApplicationTests

  .   ____          _            __ _ _
 /\\ / ___'_ __ _ _(_)_ __  __ _ \ \ \ \
( ( )\___ | '_ | '_| | '_ \/ _` | \ \ \ \
 \\/  ___)| |_)| | | | | || (_| |  ) ) ) )
  '  |____| .__|_| |_|_| |_\__, | / / / /
 =========|_|==============|___/=/_/_/_/
 :: Spring Boot ::                (v3.1.5)

2023-11-14T07:29:27.829+01:00  INFO 40206 --- [           main] c.v.t.TresorSeenApplicationTests         : Starting TresorSeenApplicationTests using Java 20.0.2.1 with PID 40206 (started by venomcocytus in /media/venomcocytus/Neo Venom/Shared Data/Workspace/Database - Backend/SpringBoot/Tresor-Seen)
2023-11-14T07:29:27.831+01:00  INFO 40206 --- [           main] c.v.t.TresorSeenApplicationTests         : No active profile set, falling back to 1 default profile: "default"
2023-11-14T07:29:34.041+01:00  INFO 40206 --- [           main] .s.d.r.c.RepositoryConfigurationDelegate : Bootstrapping Spring Data MongoDB repositories in DEFAULT mode.
2023-11-14T07:29:34.524+01:00  INFO 40206 --- [           main] .s.d.r.c.RepositoryConfigurationDelegate : Finished Spring Data repository scanning in 279 ms. Found 1 MongoDB repository interfaces.
2023-11-14T07:29:40.415+01:00  INFO 40206 --- [           main] org.mongodb.driver.client                : MongoClient with metadata {"driver": {"name": "mongo-java-driver|sync|spring-boot", "version": "4.9.1"}, "os": {"type": "Linux", "name": "Linux", "architecture": "amd64", "version": "5.10.0-26-amd64"}, "platform": "Java/Amazon.com Inc./20.0.2.1+10-FR"} created with settings MongoClientSettings{readPreference=primary, writeConcern=WriteConcern{w=majority, wTimeout=null ms, journal=null}, retryWrites=true, retryReads=true, readConcern=ReadConcern{level=null}, credential=MongoCredential{mechanism=null, userName='nefallan9704', source='admin', password=<hidden>, mechanismProperties=<hidden>}, streamFactoryFactory=null, commandListeners=[], codecRegistry=ProvidersCodecRegistry{codecProviders=[ValueCodecProvider{}, BsonValueCodecProvider{}, DBRefCodecProvider{}, DBObjectCodecProvider{}, DocumentCodecProvider{}, CollectionCodecProvider{}, IterableCodecProvider{}, MapCodecProvider{}, GeoJsonCodecProvider{}, GridFSFileCodecProvider{}, Jsr310CodecProvider{}, JsonObjectCodecProvider{}, BsonCodecProvider{}, EnumCodecProvider{}, com.mongodb.client.model.mql.ExpressionCodecProvider@7cca01a8, com.mongodb.Jep395RecordCodecProvider@462abec3]}, loggerSettings=LoggerSettings{maxDocumentLength=1000}, clusterSettings={hosts=[127.0.0.1:27017], srvHost=cluster0.yn97jco.mongodb.net, srvServiceName=mongodb, mode=MULTIPLE, requiredClusterType=REPLICA_SET, requiredReplicaSetName='atlas-pc7hkm-shard-0', serverSelector='null', clusterListeners='[]', serverSelectionTimeout='30000 ms', localThreshold='30000 ms'}, socketSettings=SocketSettings{connectTimeoutMS=10000, readTimeoutMS=0, receiveBufferSize=0, sendBufferSize=0}, heartbeatSocketSettings=SocketSettings{connectTimeoutMS=10000, readTimeoutMS=10000, receiveBufferSize=0, sendBufferSize=0}, connectionPoolSettings=ConnectionPoolSettings{maxSize=100, minSize=0, maxWaitTimeMS=120000, maxConnectionLifeTimeMS=0, maxConnectionIdleTimeMS=0, maintenanceInitialDelayMS=0, maintenanceFrequencyMS=60000, connectionPoolListeners=[], maxConnecting=2}, serverSettings=ServerSettings{heartbeatFrequencyMS=10000, minHeartbeatFrequencyMS=500, serverListeners='[]', serverMonitorListeners='[]'}, sslSettings=SslSettings{enabled=true, invalidHostNameAllowed=false, context=null}, applicationName='null', compressorList=[], uuidRepresentation=JAVA_LEGACY, serverApi=null, autoEncryptionSettings=null, contextProvider=null}
2023-11-14T07:29:40.448+01:00  INFO 40206 --- [jco.mongodb.net] org.mongodb.driver.cluster               : Adding discovered server ac-i0lldei-shard-00-01.yn97jco.mongodb.net:27017 to client view of cluster
2023-11-14T07:29:40.669+01:00  INFO 40206 --- [jco.mongodb.net] org.mongodb.driver.cluster               : Adding discovered server ac-i0lldei-shard-00-00.yn97jco.mongodb.net:27017 to client view of cluster
2023-11-14T07:29:40.671+01:00  INFO 40206 --- [jco.mongodb.net] org.mongodb.driver.cluster               : Adding discovered server ac-i0lldei-shard-00-02.yn97jco.mongodb.net:27017 to client view of cluster
2023-11-14T07:29:45.347+01:00  INFO 40206 --- [           main] c.v.tresorseen.filter.SimpleCORSFilter   : SimpleCORSFilter init
2023-11-14T07:29:48.344+01:00  INFO 40206 --- [           main] c.v.t.TresorSeenApplicationTests         : Started TresorSeenApplicationTests in 23.551 seconds (process running for 30.399)
2023-11-14T07:29:48.844+01:00  INFO 40206 --- [ngodb.net:27017] org.mongodb.driver.cluster               : Monitor thread successfully connected to server with description ServerDescription{address=ac-i0lldei-shard-00-01.yn97jco.mongodb.net:27017, type=REPLICA_SET_SECONDARY, state=CONNECTED, ok=true, minWireVersion=0, maxWireVersion=17, maxDocumentSize=16777216, logicalSessionTimeoutMinutes=30, roundTripTimeNanos=1257465079, setName='atlas-pc7hkm-shard-0', canonicalAddress=ac-i0lldei-shard-00-01.yn97jco.mongodb.net:27017, hosts=[ac-i0lldei-shard-00-00.yn97jco.mongodb.net:27017, ac-i0lldei-shard-00-02.yn97jco.mongodb.net:27017, ac-i0lldei-shard-00-01.yn97jco.mongodb.net:27017], passives=[], arbiters=[], primary='ac-i0lldei-shard-00-02.yn97jco.mongodb.net:27017', tagSet=TagSet{[Tag{name='nodeType', value='ELECTABLE'}, Tag{name='provider', value='AWS'}, Tag{name='region', value='US_EAST_1'}, Tag{name='workloadType', value='OPERATIONAL'}]}, electionId=null, setVersion=10, topologyVersion=TopologyVersion{processId=65530d76239ed8c5a116b53b, counter=4}, lastWriteDate=Tue Nov 14 07:29:48 WAT 2023, lastUpdateTimeNanos=3703950316888}
2023-11-14T07:29:48.844+01:00  INFO 40206 --- [ngodb.net:27017] org.mongodb.driver.cluster               : Monitor thread successfully connected to server with description ServerDescription{address=ac-i0lldei-shard-00-00.yn97jco.mongodb.net:27017, type=REPLICA_SET_SECONDARY, state=CONNECTED, ok=true, minWireVersion=0, maxWireVersion=17, maxDocumentSize=16777216, logicalSessionTimeoutMinutes=30, roundTripTimeNanos=1256882215, setName='atlas-pc7hkm-shard-0', canonicalAddress=ac-i0lldei-shard-00-00.yn97jco.mongodb.net:27017, hosts=[ac-i0lldei-shard-00-00.yn97jco.mongodb.net:27017, ac-i0lldei-shard-00-02.yn97jco.mongodb.net:27017, ac-i0lldei-shard-00-01.yn97jco.mongodb.net:27017], passives=[], arbiters=[], primary='ac-i0lldei-shard-00-02.yn97jco.mongodb.net:27017', tagSet=TagSet{[Tag{name='nodeType', value='ELECTABLE'}, Tag{name='provider', value='AWS'}, Tag{name='region', value='US_EAST_1'}, Tag{name='workloadType', value='OPERATIONAL'}]}, electionId=null, setVersion=10, topologyVersion=TopologyVersion{processId=654f7a3eaa22bc8f30962c6c, counter=11}, lastWriteDate=Tue Nov 14 07:29:48 WAT 2023, lastUpdateTimeNanos=3703949790211}
2023-11-14T07:29:48.844+01:00  INFO 40206 --- [ngodb.net:27017] org.mongodb.driver.cluster               : Monitor thread successfully connected to server with description ServerDescription{address=ac-i0lldei-shard-00-02.yn97jco.mongodb.net:27017, type=REPLICA_SET_PRIMARY, state=CONNECTED, ok=true, minWireVersion=0, maxWireVersion=17, maxDocumentSize=16777216, logicalSessionTimeoutMinutes=30, roundTripTimeNanos=1238772832, setName='atlas-pc7hkm-shard-0', canonicalAddress=ac-i0lldei-shard-00-02.yn97jco.mongodb.net:27017, hosts=[ac-i0lldei-shard-00-00.yn97jco.mongodb.net:27017, ac-i0lldei-shard-00-02.yn97jco.mongodb.net:27017, ac-i0lldei-shard-00-01.yn97jco.mongodb.net:27017], passives=[], arbiters=[], primary='ac-i0lldei-shard-00-02.yn97jco.mongodb.net:27017', tagSet=TagSet{[Tag{name='nodeType', value='ELECTABLE'}, Tag{name='provider', value='AWS'}, Tag{name='region', value='US_EAST_1'}, Tag{name='workloadType', value='OPERATIONAL'}]}, electionId=7fffffff00000000000000c1, setVersion=10, topologyVersion=TopologyVersion{processId=6552ab164f1bbd83109ddbe6, counter=7}, lastWriteDate=Tue Nov 14 07:29:48 WAT 2023, lastUpdateTimeNanos=3703949899017}
2023-11-14T07:29:48.851+01:00  INFO 40206 --- [ngodb.net:27017] org.mongodb.driver.cluster               : Discovered replica set primary ac-i0lldei-shard-00-02.yn97jco.mongodb.net:27017 with max election id 7fffffff00000000000000c1 and max set version 10
]]></system-out>
  </testcase>
</testsuite>